LHCOD300.EXE transferred to C:\LHSP\SMCSDK\BIN\LHCOD300.EXE
SMCEVAL.HLP transferred to C:\LHSP\SMCSDK\BIN\SMCEVAL.HLP
LHCOD300.INI transferred to C:\LHSP\SMCSDK\BIN\LHCOD300.INI
LHCOD3RT.DLL transferred to C:\WINDOWS\SYSTEM\LHCOD3RT.DLL
ST180VB.DLL transferred to C:\WINDOWS\SYSTEM\ST180VB.DLL
ST180VB.DLL transferred to C:\LHSP\SMCSDK\BIN\ST180VB.DLL
ST180VB.H transferred to C:\LHSP\SMCSDK\INCLUDE\ST180VB.H
ST180VB.LIB transferred to C:\LHSP\SMCSDK\LIB\ST180VB.LIB
LH_CODEC.CFG transferred to C:\WINDOWS\SYSTEM\LH_CODEC.CFG
LH_CODEC.ACM transferred to C:\WINDOWS\SYSTEM\LH_CODEC.ACM
LH_REG.H transferred to C:\LHSP\SMCSDK\INCLUDE\LH_REG.H
SMCAPI.HLP transferred to C:\LHSP\SMCSDK\BIN\SMCAPI.HLP
LH_CODER.C transferred to C:\LHSP\SMCSDK\SAMPLES\SMCPRG01\LH_CODER.C
LH_CODER.H transferred to C:\LHSP\SMCSDK\SAMPLES\SMCPRG01\LH_CODER.H
LH_RES.H transferred to C:\LHSP\SMCSDK\SAMPLES\SMCPRG01\LH_RES.H
LH_CODER.DEF transferred to C:\LHSP\SMCSDK\SAMPLES\SMCPRG01\LH_CODER.DEF
LH_CODER.RC transferred to C:\LHSP\SMCSDK\SAMPLES\SMCPRG01\LH_CODER.RC
LH_CODER.RES transferred to C:\LHSP\SMCSDK\SAMPLES\SMCPRG01\LH_CODER.RES
LH_CODER.PRJ transferred to C:\LHSP\SMCSDK\SAMPLES\SMCPRG01\LH_CODER.PRJ
LH_CODER.MAK transferred to C:\LHSP\SMCSDK\SAMPLES\SMCPRG01\LH_CODER.MAK
LH_CODER.EXE transferred to C:\LHSP\SMCSDK\SAMPLES\SMCPRG01\LH_CODER.EXE
LH_CODER.DSK transferred to C:\LHSP\SMCSDK\SAMPLES\SMCPRG01\LH_CODER.DSK
LH_CODVC.RC transferred to C:\LHSP\SMCSDK\SAMPLES\SMCPRG01\LH_CODVC.RC
LH_CODER.ICO transferred to C:\LHSP\SMCSDK\SAMPLES\SMCPRG01\LH_CODER.ICO
VBRUN300.DLL transferred to C:\WINDOWS\SYSTEM\VBRUN300.DLL
GAUGE.VBX transferred to C:\WINDOWS\SYSTEM\GAUGE.VBX
MSACM.DLL transferred to C:\WINDOWS\SYSTEM\MSACM.DLL
MSACM.DRV transferred to C:\WINDOWS\SYSTEM\MSACM.DRV
ACMAPP.EXE transferred to C:\LHSP\SMCSDK\BIN\ACMAPP.EXE
OEMSETUP.INF transferred to C:\LHSP\SMCSDK\BIN\OEMSETUP.INF
